# Logfile created on 2014-06-11 07:40:13 -0400 by logger.rb/41954
I, [2014-06-11T07:40:13.779287 #25867]  INFO -- : 0:  rake (10.3.2) from /usr/local/rvm/gems/ruby-2.0.0-p353/specifications/rake-10.3.2.gemspec
I, [2014-06-11T07:40:13.780532 #25867]  INFO -- : 0:  i18n (0.6.9) from /usr/local/rvm/gems/ruby-2.0.0-p353/specifications/i18n-0.6.9.gemspec
I, [2014-06-11T07:40:13.780993 #25867]  INFO -- : 0:  json (1.8.1) from /usr/local/rvm/gems/ruby-2.0.0-p353/specifications/json-1.8.1.gemspec
I, [2014-06-11T07:40:13.781384 #25867]  INFO -- : 0:  minitest (5.3.4) from /usr/local/rvm/gems/ruby-2.0.0-p353/specifications/minitest-5.3.4.gemspec
I, [2014-06-11T07:40:13.781725 #25867]  INFO -- : 0:  thread_safe (0.3.4) from /usr/local/rvm/gems/ruby-2.0.0-p353/specifications/thread_safe-0.3.4.gemspec
I, [2014-06-11T07:40:13.782063 #25867]  INFO -- : 0:  tzinfo (1.2.1) from /usr/local/rvm/gems/ruby-2.0.0-p353/specifications/tzinfo-1.2.1.gemspec
I, [2014-06-11T07:40:13.782403 #25867]  INFO -- : 0:  activesupport (4.1.1) from /usr/local/rvm/gems/ruby-2.0.0-p353/specifications/activesupport-4.1.1.gemspec
I, [2014-06-11T07:40:13.782718 #25867]  INFO -- : 0:  builder (3.2.2) from /usr/local/rvm/gems/ruby-2.0.0-p353/specifications/builder-3.2.2.gemspec
I, [2014-06-11T07:40:13.783066 #25867]  INFO -- : 0:  activemodel (4.1.1) from /usr/local/rvm/gems/ruby-2.0.0-p353/specifications/activemodel-4.1.1.gemspec
I, [2014-06-11T07:40:13.783388 #25867]  INFO -- : 0:  arel (5.0.1.20140414130214) from /usr/local/rvm/gems/ruby-2.0.0-p353/specifications/arel-5.0.1.20140414130214.gemspec
I, [2014-06-11T07:40:13.783708 #25867]  INFO -- : 0:  activerecord (4.1.1) from /usr/local/rvm/gems/ruby-2.0.0-p353/specifications/activerecord-4.1.1.gemspec
I, [2014-06-11T07:40:13.784021 #25867]  INFO -- : 0:  backports (3.6.0) from /usr/local/rvm/gems/ruby-2.0.0-p353/specifications/backports-3.6.0.gemspec
I, [2014-06-11T07:40:13.784343 #25867]  INFO -- : 0:  mime-types (2.3) from /usr/local/rvm/gems/ruby-2.0.0-p353/specifications/mime-types-2.3.gemspec
I, [2014-06-11T07:40:13.784646 #25867]  INFO -- : 0:  mini_portile (0.6.0) from /usr/local/rvm/gems/ruby-2.0.0-p353/specifications/mini_portile-0.6.0.gemspec
I, [2014-06-11T07:40:13.784956 #25867]  INFO -- : 0:  nokogiri (1.6.2.1) from /usr/local/rvm/gems/ruby-2.0.0-p353/specifications/nokogiri-1.6.2.1.gemspec
I, [2014-06-11T07:40:13.785268 #25867]  INFO -- : 0:  rack (1.5.2) from /usr/local/rvm/gems/ruby-2.0.0-p353/specifications/rack-1.5.2.gemspec
I, [2014-06-11T07:40:13.785589 #25867]  INFO -- : 0:  rack-test (0.6.2) from /usr/local/rvm/gems/ruby-2.0.0-p353/specifications/rack-test-0.6.2.gemspec
I, [2014-06-11T07:40:13.785829 #25867]  INFO -- : 0:  xpath (2.0.0) from /usr/local/rvm/gems/ruby-2.0.0-p353/specifications/xpath-2.0.0.gemspec
I, [2014-06-11T07:40:13.786092 #25867]  INFO -- : 0:  capybara (2.3.0) from /usr/local/rvm/gems/ruby-2.0.0-p353/specifications/capybara-2.3.0.gemspec
I, [2014-06-11T07:40:13.786323 #25867]  INFO -- : 0:  coderay (1.1.0) from /usr/local/rvm/gems/ruby-2.0.0-p353/specifications/coderay-1.1.0.gemspec
I, [2014-06-11T07:40:13.786558 #25867]  INFO -- : 0:  diff-lcs (1.2.5) from /usr/local/rvm/gems/ruby-2.0.0-p353/specifications/diff-lcs-1.2.5.gemspec
I, [2014-06-11T07:40:13.786829 #25867]  INFO -- : 0:  dotenv-deployment (0.0.2) from /usr/local/rvm/gems/ruby-2.0.0-p353/specifications/dotenv-deployment-0.0.2.gemspec
I, [2014-06-11T07:40:13.787068 #25867]  INFO -- : 0:  dotenv (0.11.1) from /usr/local/rvm/gems/ruby-2.0.0-p353/specifications/dotenv-0.11.1.gemspec
I, [2014-06-11T07:40:13.787330 #25867]  INFO -- : 0:  method_source (0.8.2) from /usr/local/rvm/gems/ruby-2.0.0-p353/specifications/method_source-0.8.2.gemspec
I, [2014-06-11T07:40:13.787587 #25867]  INFO -- : 0:  multi_json (1.10.1) from /usr/local/rvm/gems/ruby-2.0.0-p353/specifications/multi_json-1.10.1.gemspec
I, [2014-06-11T07:40:13.787821 #25867]  INFO -- : 0:  pg (0.17.1) from /usr/local/rvm/gems/ruby-2.0.0-p353/specifications/pg-0.17.1.gemspec
I, [2014-06-11T07:40:13.788087 #25867]  INFO -- : 0:  slop (3.5.0) from /usr/local/rvm/gems/ruby-2.0.0-p353/specifications/slop-3.5.0.gemspec
I, [2014-06-11T07:40:13.788360 #25867]  INFO -- : 0:  pry (0.10.0) from /usr/local/rvm/gems/ruby-2.0.0-p353/specifications/pry-0.10.0.gemspec
I, [2014-06-11T07:40:13.788603 #25867]  INFO -- : 0:  rack-protection (1.5.3) from /usr/local/rvm/gems/ruby-2.0.0-p353/specifications/rack-protection-1.5.3.gemspec
I, [2014-06-11T07:40:13.788846 #25867]  INFO -- : 0:  rspec-support (3.0.0) from /usr/local/rvm/gems/ruby-2.0.0-p353/specifications/rspec-support-3.0.0.gemspec
I, [2014-06-11T07:40:13.789091 #25867]  INFO -- : 0:  rspec-core (3.0.0) from /usr/local/rvm/gems/ruby-2.0.0-p353/specifications/rspec-core-3.0.0.gemspec
I, [2014-06-11T07:40:13.789358 #25867]  INFO -- : 0:  rspec-expectations (3.0.0) from /usr/local/rvm/gems/ruby-2.0.0-p353/specifications/rspec-expectations-3.0.0.gemspec
I, [2014-06-11T07:40:13.789667 #25867]  INFO -- : 0:  rspec-mocks (3.0.1) from /usr/local/rvm/gems/ruby-2.0.0-p353/specifications/rspec-mocks-3.0.1.gemspec
I, [2014-06-11T07:40:13.792147 #25867]  INFO -- : 0:  rspec (3.0.0) from /usr/local/rvm/gems/ruby-2.0.0-p353/specifications/rspec-3.0.0.gemspec
I, [2014-06-11T07:40:13.793222 #25867]  INFO -- : 0:  tilt (1.4.1) from /usr/local/rvm/gems/ruby-2.0.0-p353/specifications/tilt-1.4.1.gemspec
I, [2014-06-11T07:40:13.793810 #25867]  INFO -- : 0:  sinatra (1.4.5) from /usr/local/rvm/gems/ruby-2.0.0-p353/specifications/sinatra-1.4.5.gemspec
I, [2014-06-11T07:40:13.794277 #25867]  INFO -- : 0:  sinatra-activerecord (2.0.2) from /usr/local/rvm/gems/ruby-2.0.0-p353/specifications/sinatra-activerecord-2.0.2.gemspec
I, [2014-06-11T07:40:13.794800 #25867]  INFO -- : 0:  sinatra-contrib (1.4.2) from /usr/local/rvm/gems/ruby-2.0.0-p353/specifications/sinatra-contrib-1.4.2.gemspec
I, [2014-06-11T07:40:13.795241 #25867]  INFO -- : 0:  sinatra-flash (0.3.0) from /usr/local/rvm/gems/ruby-2.0.0-p353/specifications/sinatra-flash-0.3.0.gemspec
I, [2014-06-11T07:40:13.795646 #25867]  INFO -- : 0:  bundler (1.5.1) from /usr/local/rvm/gems/ruby-2.0.0-p353@global/specifications/bundler-1.5.1.gemspec
I, [2014-06-12T07:35:07.422877 #50974]  INFO -- : 0:  rake (10.3.2) from /usr/local/rvm/gems/ruby-2.0.0-p353/specifications/rake-10.3.2.gemspec
I, [2014-06-12T07:35:07.424332 #50974]  INFO -- : 0:  i18n (0.6.9) from /usr/local/rvm/gems/ruby-2.0.0-p353/specifications/i18n-0.6.9.gemspec
I, [2014-06-12T07:35:07.424776 #50974]  INFO -- : 0:  json (1.8.1) from /usr/local/rvm/gems/ruby-2.0.0-p353/specifications/json-1.8.1.gemspec
I, [2014-06-12T07:35:07.425180 #50974]  INFO -- : 0:  minitest (5.3.4) from /usr/local/rvm/gems/ruby-2.0.0-p353/specifications/minitest-5.3.4.gemspec
I, [2014-06-12T07:35:07.425588 #50974]  INFO -- : 0:  thread_safe (0.3.4) from /usr/local/rvm/gems/ruby-2.0.0-p353/specifications/thread_safe-0.3.4.gemspec
I, [2014-06-12T07:35:07.425889 #50974]  INFO -- : 0:  tzinfo (1.2.1) from /usr/local/rvm/gems/ruby-2.0.0-p353/specifications/tzinfo-1.2.1.gemspec
I, [2014-06-12T07:35:07.426195 #50974]  INFO -- : 0:  activesupport (4.1.1) from /usr/local/rvm/gems/ruby-2.0.0-p353/specifications/activesupport-4.1.1.gemspec
I, [2014-06-12T07:35:07.426482 #50974]  INFO -- : 0:  builder (3.2.2) from /usr/local/rvm/gems/ruby-2.0.0-p353/specifications/builder-3.2.2.gemspec
I, [2014-06-12T07:35:07.426781 #50974]  INFO -- : 0:  activemodel (4.1.1) from /usr/local/rvm/gems/ruby-2.0.0-p353/specifications/activemodel-4.1.1.gemspec
I, [2014-06-12T07:35:07.427075 #50974]  INFO -- : 0:  arel (5.0.1.20140414130214) from /usr/local/rvm/gems/ruby-2.0.0-p353/specifications/arel-5.0.1.20140414130214.gemspec
I, [2014-06-12T07:35:07.427373 #50974]  INFO -- : 0:  activerecord (4.1.1) from /usr/local/rvm/gems/ruby-2.0.0-p353/specifications/activerecord-4.1.1.gemspec
I, [2014-06-12T07:35:07.427636 #50974]  INFO -- : 0:  backports (3.6.0) from /usr/local/rvm/gems/ruby-2.0.0-p353/specifications/backports-3.6.0.gemspec
I, [2014-06-12T07:35:07.427879 #50974]  INFO -- : 0:  mime-types (2.3) from /usr/local/rvm/gems/ruby-2.0.0-p353/specifications/mime-types-2.3.gemspec
I, [2014-06-12T07:35:07.428108 #50974]  INFO -- : 0:  mini_portile (0.6.0) from /usr/local/rvm/gems/ruby-2.0.0-p353/specifications/mini_portile-0.6.0.gemspec
I, [2014-06-12T07:35:07.428380 #50974]  INFO -- : 0:  nokogiri (1.6.2.1) from /usr/local/rvm/gems/ruby-2.0.0-p353/specifications/nokogiri-1.6.2.1.gemspec
I, [2014-06-12T07:35:07.428623 #50974]  INFO -- : 0:  rack (1.5.2) from /usr/local/rvm/gems/ruby-2.0.0-p353/specifications/rack-1.5.2.gemspec
I, [2014-06-12T07:35:07.428860 #50974]  INFO -- : 0:  rack-test (0.6.2) from /usr/local/rvm/gems/ruby-2.0.0-p353/specifications/rack-test-0.6.2.gemspec
I, [2014-06-12T07:35:07.429096 #50974]  INFO -- : 0:  xpath (2.0.0) from /usr/local/rvm/gems/ruby-2.0.0-p353/specifications/xpath-2.0.0.gemspec
I, [2014-06-12T07:35:07.429343 #50974]  INFO -- : 0:  capybara (2.3.0) from /usr/local/rvm/gems/ruby-2.0.0-p353/specifications/capybara-2.3.0.gemspec
I, [2014-06-12T07:35:07.429583 #50974]  INFO -- : 0:  coderay (1.1.0) from /usr/local/rvm/gems/ruby-2.0.0-p353/specifications/coderay-1.1.0.gemspec
I, [2014-06-12T07:35:07.429815 #50974]  INFO -- : 0:  diff-lcs (1.2.5) from /usr/local/rvm/gems/ruby-2.0.0-p353/specifications/diff-lcs-1.2.5.gemspec
I, [2014-06-12T07:35:07.430086 #50974]  INFO -- : 0:  method_source (0.8.2) from /usr/local/rvm/gems/ruby-2.0.0-p353/specifications/method_source-0.8.2.gemspec
I, [2014-06-12T07:35:07.430364 #50974]  INFO -- : 0:  multi_json (1.10.1) from /usr/local/rvm/gems/ruby-2.0.0-p353/specifications/multi_json-1.10.1.gemspec
I, [2014-06-12T07:35:07.430624 #50974]  INFO -- : 0:  pg (0.17.1) from /usr/local/rvm/gems/ruby-2.0.0-p353/specifications/pg-0.17.1.gemspec
I, [2014-06-12T07:35:07.430856 #50974]  INFO -- : 0:  slop (3.5.0) from /usr/local/rvm/gems/ruby-2.0.0-p353/specifications/slop-3.5.0.gemspec
I, [2014-06-12T07:35:07.431091 #50974]  INFO -- : 0:  pry (0.10.0) from /usr/local/rvm/gems/ruby-2.0.0-p353/specifications/pry-0.10.0.gemspec
I, [2014-06-12T07:35:07.431328 #50974]  INFO -- : 0:  rack-protection (1.5.3) from /usr/local/rvm/gems/ruby-2.0.0-p353/specifications/rack-protection-1.5.3.gemspec
I, [2014-06-12T07:35:07.431591 #50974]  INFO -- : 0:  rspec-support (3.0.0) from /usr/local/rvm/gems/ruby-2.0.0-p353/specifications/rspec-support-3.0.0.gemspec
I, [2014-06-12T07:35:07.431849 #50974]  INFO -- : 0:  rspec-core (3.0.0) from /usr/local/rvm/gems/ruby-2.0.0-p353/specifications/rspec-core-3.0.0.gemspec
I, [2014-06-12T07:35:07.432099 #50974]  INFO -- : 0:  rspec-expectations (3.0.0) from /usr/local/rvm/gems/ruby-2.0.0-p353/specifications/rspec-expectations-3.0.0.gemspec
I, [2014-06-12T07:35:07.432340 #50974]  INFO -- : 0:  rspec-mocks (3.0.1) from /usr/local/rvm/gems/ruby-2.0.0-p353/specifications/rspec-mocks-3.0.1.gemspec
I, [2014-06-12T07:35:07.432571 #50974]  INFO -- : 0:  rspec (3.0.0) from /usr/local/rvm/gems/ruby-2.0.0-p353/specifications/rspec-3.0.0.gemspec
I, [2014-06-12T07:35:07.432791 #50974]  INFO -- : 0:  tilt (1.4.1) from /usr/local/rvm/gems/ruby-2.0.0-p353/specifications/tilt-1.4.1.gemspec
I, [2014-06-12T07:35:07.433013 #50974]  INFO -- : 0:  sinatra (1.4.5) from /usr/local/rvm/gems/ruby-2.0.0-p353/specifications/sinatra-1.4.5.gemspec
I, [2014-06-12T07:35:07.433237 #50974]  INFO -- : 0:  sinatra-activerecord (2.0.2) from /usr/local/rvm/gems/ruby-2.0.0-p353/specifications/sinatra-activerecord-2.0.2.gemspec
I, [2014-06-12T07:35:07.433461 #50974]  INFO -- : 0:  sinatra-contrib (1.4.2) from /usr/local/rvm/gems/ruby-2.0.0-p353/specifications/sinatra-contrib-1.4.2.gemspec
I, [2014-06-12T07:35:07.433731 #50974]  INFO -- : 0:  sinatra-flash (0.3.0) from /usr/local/rvm/gems/ruby-2.0.0-p353/specifications/sinatra-flash-0.3.0.gemspec
I, [2014-06-12T07:35:07.434020 #50974]  INFO -- : 0:  bundler (1.5.1) from /usr/local/rvm/gems/ruby-2.0.0-p353@global/specifications/bundler-1.5.1.gemspec
